c:\users\jesus\source\repos\niebla\niebla\debug\vc142.pdb
c:\users\jesus\source\repos\niebla\niebla\debug\vc142.idb
c:\users\jesus\source\repos\niebla\niebla\debug\vec3f.obj
c:\users\jesus\source\repos\niebla\niebla\debug\main.obj
c:\users\jesus\desktop\entrega opengl samuel alonso garcia y jesus manuel garcia prieto\tema 12 efectos visuales\niebla\niebla\debug\vc142.pdb
c:\users\jesus\desktop\entrega opengl samuel alonso garcia y jesus manuel garcia prieto\tema 12 efectos visuales\niebla\niebla\debug\vc142.idb
c:\users\jesus\desktop\entrega opengl samuel alonso garcia y jesus manuel garcia prieto\tema 12 efectos visuales\niebla\niebla\debug\vec3f.obj
c:\users\jesus\desktop\entrega opengl samuel alonso garcia y jesus manuel garcia prieto\tema 12 efectos visuales\niebla\niebla\debug\main.obj
c:\users\jesus\source\repos\niebla\debug\niebla.exe
c:\users\jesus\source\repos\niebla\niebla\debug\niebla.ilk
c:\users\jesus\source\repos\niebla\debug\niebla.pdb
c:\users\jesus\desktop\entrega opengl samuel alonso garcia y jesus manuel garcia prieto\tema 12 efectos visuales\niebla\debug\niebla.exe
c:\users\jesus\desktop\entrega opengl samuel alonso garcia y jesus manuel garcia prieto\tema 12 efectos visuales\niebla\niebla\debug\niebla.ilk
c:\users\jesus\desktop\entrega opengl samuel alonso garcia y jesus manuel garcia prieto\tema 12 efectos visuales\niebla\debug\niebla.pdb
c:\users\jesus\desktop\entrega opengl samuel alonso garcia y jesus manuel garcia prieto\tema 12 efectos visuales\niebla\niebla\debug\niebla.tlog\cl.command.1.tlog
c:\users\jesus\desktop\entrega opengl samuel alonso garcia y jesus manuel garcia prieto\tema 12 efectos visuales\niebla\niebla\debug\niebla.tlog\cl.read.1.tlog
c:\users\jesus\desktop\entrega opengl samuel alonso garcia y jesus manuel garcia prieto\tema 12 efectos visuales\niebla\niebla\debug\niebla.tlog\cl.write.1.tlog
c:\users\jesus\desktop\entrega opengl samuel alonso garcia y jesus manuel garcia prieto\tema 12 efectos visuales\niebla\niebla\debug\niebla.tlog\link.command.1.tlog
c:\users\jesus\desktop\entrega opengl samuel alonso garcia y jesus manuel garcia prieto\tema 12 efectos visuales\niebla\niebla\debug\niebla.tlog\link.read.1.tlog
c:\users\jesus\desktop\entrega opengl samuel alonso garcia y jesus manuel garcia prieto\tema 12 efectos visuales\niebla\niebla\debug\niebla.tlog\link.write.1.tlog
